# JRE version: OpenJDK Runtime Environment (8.0_152-b01) (build 1.8.0_152-release-915-b01)
# Java VM: OpenJDK 64-Bit Server VM (25.152-b01 mixed mode windows-amd64 compressed oops)
Heap:
 PSYoungGen      total 403456K, used 49561K [0x00000000e0000000, 0x00000000fab80000, 0x0000000100000000)
  eden space 389632K, 10% used [0x00000000e0000000,0x00000000e2916df0,0x00000000f7c80000)
  from space 13824K, 54% used [0x00000000f9e00000,0x00000000fa54f760,0x00000000fab80000)
  to   space 24064K, 0% used [0x00000000f7c80000,0x00000000f7c80000,0x00000000f9400000)
 ParOldGen       total 102912K, used 69212K [0x00000000a0000000, 0x00000000a6480000, 0x00000000e0000000)
  object space 102912K, 67% used [0x00000000a0000000,0x00000000a4397008,0x00000000a6480000)
 Metaspace       used 78744K, capacity 83968K, committed 84244K, reserved 1122304K
  class space    used 10296K, capacity 11514K, committed 11580K, reserved 1048576K
GC Heap History (10 events):
Event: 2474.989 GC heap before
{Heap before GC invocations=19 (full 3):
 PSYoungGen      total 252416K, used 251202K [0x00000000e0000000, 0x00000000f2c00000, 0x0000000100000000)
  eden space 232448K, 99% used [0x00000000e0000000,0x00000000ee2daba0,0x00000000ee300000)
  from space 19968K, 94% used [0x00000000ee300000,0x00000000ef575da8,0x00000000ef680000)
  to   space 22528K, 0% used [0x00000000f1600000,0x00000000f1600000,0x00000000f2c00000)
 ParOldGen       total 102912K, used 45642K [0x00000000a0000000, 0x00000000a6480000, 0x00000000e0000000)
  object space 102912K, 44% used [0x00000000a0000000,0x00000000a2c92b38,0x00000000a6480000)
 Metaspace       used 74842K, capacity 78484K, committed 78740K, reserved 1118208K
  class space    used 9754K, capacity 10636K, committed 10684K, reserved 1048576K
Event: 2475.011 GC heap after
Heap after GC invocations=19 (full 3):
 PSYoungGen      total 278528K, used 22527K [0x00000000e0000000, 0x00000000f4100000, 0x0000000100000000)
  eden space 256000K, 0% used [0x00000000e0000000,0x00000000e0000000,0x00000000efa00000)
  from space 22528K, 99% used [0x00000000f1600000,0x00000000f2bffdd0,0x00000000f2c00000)
  to   space 28672K, 0% used [0x00000000efa00000,0x00000000efa00000,0x00000000f1600000)
 ParOldGen       total 102912K, used 51562K [0x00000000a0000000, 0x00000000a6480000, 0x00000000e0000000)
  object space 102912K, 50% used [0x00000000a0000000,0x00000000a325a8e0,0x00000000a6480000)
 Metaspace       used 74842K, capacity 78484K, committed 78740K, reserved 1118208K
  class space    used 9754K, capacity 10636K, committed 10684K, reserved 1048576K
}
Event: 2475.068 GC heap before
{Heap before GC invocations=20 (full 3):
 PSYoungGen      total 278528K, used 278380K [0x00000000e0000000, 0x00000000f4100000, 0x0000000100000000)
  eden space 256000K, 99% used [0x00000000e0000000,0x00000000ef9db588,0x00000000efa00000)
  from space 22528K, 99% used [0x00000000f1600000,0x00000000f2bffdd0,0x00000000f2c00000)
  to   space 28672K, 0% used [0x00000000efa00000,0x00000000efa00000,0x00000000f1600000)
 ParOldGen       total 102912K, used 51562K [0x00000000a0000000, 0x00000000a6480000, 0x00000000e0000000)
  object space 102912K, 50% used [0x00000000a0000000,0x00000000a325a8e0,0x00000000a6480000)
 Metaspace       used 74851K, capacity 78484K, committed 78740K, reserved 1118208K
  class space    used 9754K, capacity 10636K, committed 10684K, reserved 1048576K
Event: 2475.085 GC heap after
Heap after GC invocations=20 (full 3):
 PSYoungGen      total 284672K, used 10352K [0x00000000e0000000, 0x00000000f7680000, 0x0000000100000000)
  eden space 256000K, 0% used [0x00000000e0000000,0x00000000e0000000,0x00000000efa00000)
  from space 28672K, 36% used [0x00000000efa00000,0x00000000f041c398,0x00000000f1600000)
  to   space 27136K, 0% used [0x00000000f5c00000,0x00000000f5c00000,0x00000000f7680000)
 ParOldGen       total 102912K, used 62593K [0x00000000a0000000, 0x00000000a6480000, 0x00000000e0000000)
  object space 102912K, 60% used [0x00000000a0000000,0x00000000a3d20688,0x00000000a6480000)
 Metaspace       used 74851K, capacity 78484K, committed 78740K, reserved 1118208K
  class space    used 9754K, capacity 10636K, committed 10684K, reserved 1048576K
}
Event: 2796.069 GC heap before
{Heap before GC invocations=21 (full 3):
 PSYoungGen      total 284672K, used 266352K [0x00000000e0000000, 0x00000000f7680000, 0x0000000100000000)
  eden space 256000K, 100% used [0x00000000e0000000,0x00000000efa00000,0x00000000efa00000)
  from space 28672K, 36% used [0x00000000efa00000,0x00000000f041c398,0x00000000f1600000)
  to   space 27136K, 0% used [0x00000000f5c00000,0x00000000f5c00000,0x00000000f7680000)
 ParOldGen       total 102912K, used 62593K [0x00000000a0000000, 0x00000000a6480000, 0x00000000e0000000)
  object space 102912K, 60% used [0x00000000a0000000,0x00000000a3d20688,0x00000000a6480000)
 Metaspace       used 76029K, capacity 79988K, committed 80020K, reserved 1118208K
  class space    used 9945K, capacity 10920K, committed 10940K, reserved 1048576K
Event: 2796.145 GC heap after
Heap after GC invocations=21 (full 3):
 PSYoungGen      total 343040K, used 5141K [0x00000000e0000000, 0x00000000f6f80000, 0x0000000100000000)
  eden space 323072K, 0% used [0x00000000e0000000,0x00000000e0000000,0x00000000f3b80000)
  from space 19968K, 25% used [0x00000000f5c00000,0x00000000f6105638,0x00000000f6f80000)
  to   space 26624K, 0% used [0x00000000f3b80000,0x00000000f3b80000,0x00000000f5580000)
 ParOldGen       total 102912K, used 67227K [0x00000000a0000000, 0x00000000a6480000, 0x00000000e0000000)
  object space 102912K, 65% used [0x00000000a0000000,0x00000000a41a6ca0,0x00000000a6480000)
 Metaspace       used 76029K, capacity 79988K, committed 80020K, reserved 1118208K
  class space    used 9945K, capacity 10920K, committed 10940K, reserved 1048576K
}
Event: 2990.132 GC heap before
{Heap before GC invocations=22 (full 3):
 PSYoungGen      total 343040K, used 327538K [0x00000000e0000000, 0x00000000f6f80000, 0x0000000100000000)
  eden space 323072K, 99% used [0x00000000e0000000,0x00000000f3ad7200,0x00000000f3b80000)
  from space 19968K, 25% used [0x00000000f5c00000,0x00000000f6105638,0x00000000f6f80000)
  to   space 26624K, 0% used [0x00000000f3b80000,0x00000000f3b80000,0x00000000f5580000)
 ParOldGen       total 102912K, used 67227K [0x00000000a0000000, 0x00000000a6480000, 0x00000000e0000000)
  object space 102912K, 65% used [0x00000000a0000000,0x00000000a41a6ca0,0x00000000a6480000)
 Metaspace       used 77515K, capacity 82146K, committed 82452K, reserved 1120256K
  class space    used 10129K, capacity 11249K, committed 11324K, reserved 1048576K
Event: 2990.147 GC heap after
Heap after GC invocations=22 (full 3):
 PSYoungGen      total 349696K, used 8561K [0x00000000e0000000, 0x00000000fb680000, 0x0000000100000000)
  eden space 323072K, 0% used [0x00000000e0000000,0x00000000e0000000,0x00000000f3b80000)
  from space 26624K, 32% used [0x00000000f3b80000,0x00000000f43dc628,0x00000000f5580000)
  to   space 25088K, 0% used [0x00000000f9e00000,0x00000000f9e00000,0x00000000fb680000)
 ParOldGen       total 102912K, used 68033K [0x00000000a0000000, 0x00000000a6480000, 0x00000000e0000000)
  object space 102912K, 66% used [0x00000000a0000000,0x00000000a42705c0,0x00000000a6480000)
 Metaspace       used 77515K, capacity 82146K, committed 82452K, reserved 1120256K
  class space    used 10129K, capacity 11249K, committed 11324K, reserved 1048576K
}
Event: 6184.523 GC heap before
{Heap before GC invocations=23 (full 3):
 PSYoungGen      total 349696K, used 331633K [0x00000000e0000000, 0x00000000fb680000, 0x0000000100000000)
  eden space 323072K, 100% used [0x00000000e0000000,0x00000000f3b80000,0x00000000f3b80000)
  from space 26624K, 32% used [0x00000000f3b80000,0x00000000f43dc628,0x00000000f5580000)
  to   space 25088K, 0% used [0x00000000f9e00000,0x00000000f9e00000,0x00000000fb680000)
 ParOldGen       total 102912K, used 68033K [0x00000000a0000000, 0x00000000a6480000, 0x00000000e0000000)
  object space 102912K, 66% used [0x00000000a0000000,0x00000000a42705c0,0x00000000a6480000)
 Metaspace       used 78408K, capacity 83420K, committed 83604K, reserved 1122304K
  class space    used 10250K, capacity 11444K, committed 11452K, reserved 1048576K
Event: 6184.546 GC heap after
Heap after GC invocations=23 (full 3):
 PSYoungGen      total 403456K, used 7485K [0x00000000e0000000, 0x00000000fab80000, 0x0000000100000000)
  eden space 389632K, 0% used [0x00000000e0000000,0x00000000e0000000,0x00000000f7c80000)
  from space 13824K, 54% used [0x00000000f9e00000,0x00000000fa54f760,0x00000000fab80000)
  to   space 24064K, 0% used [0x00000000f7c80000,0x00000000f7c80000,0x00000000f9400000)
 ParOldGen       total 102912K, used 69212K [0x00000000a0000000, 0x00000000a6480000, 0x00000000e0000000)
  object space 102912K, 67% used [0x00000000a0000000,0x00000000a4397008,0x00000000a6480000)
 Metaspace       used 78408K, capacity 83420K, committed 83604K, reserved 1122304K
  class space    used 10250K, capacity 11444K, committed 11452K, reserved 1048576K
}

